c:\users\amri\desktop\imgui-directx-11-kiero-hook-master\imgui directx 11 kiero hook\debug\vc143.pdb
c:\users\amri\desktop\imgui-directx-11-kiero-hook-master\imgui directx 11 kiero hook\debug\vc143.idb
c:\users\amri\desktop\imgui-directx-11-kiero-hook-master\imgui directx 11 kiero hook\debug\main.obj
c:\users\amri\desktop\imgui-directx-11-kiero-hook-master\imgui directx 11 kiero hook\debug\kiero.obj
c:\users\amri\desktop\imgui-directx-11-kiero-hook-master\imgui directx 11 kiero hook\debug\imgui_widgets.obj
c:\users\amri\desktop\imgui-directx-11-kiero-hook-master\imgui directx 11 kiero hook\debug\imgui_impl_win32.obj
c:\users\amri\desktop\imgui-directx-11-kiero-hook-master\imgui directx 11 kiero hook\debug\imgui_impl_dx11.obj
c:\users\amri\desktop\imgui-directx-11-kiero-hook-master\imgui directx 11 kiero hook\debug\imgui_draw.obj
c:\users\amri\desktop\imgui-directx-11-kiero-hook-master\imgui directx 11 kiero hook\debug\imgui_demo.obj
c:\users\amri\desktop\imgui-directx-11-kiero-hook-master\imgui directx 11 kiero hook\debug\imgui.obj
c:\users\amri\desktop\imgui-directx-11-kiero-hook-master\imgui directx 11 kiero hook\debug\trampoline.obj
c:\users\amri\desktop\imgui-directx-11-kiero-hook-master\imgui directx 11 kiero hook\debug\hook.obj
c:\users\amri\desktop\imgui-directx-11-kiero-hook-master\imgui directx 11 kiero hook\debug\hde64.obj
c:\users\amri\desktop\imgui-directx-11-kiero-hook-master\imgui directx 11 kiero hook\debug\hde32.obj
c:\users\amri\desktop\imgui-directx-11-kiero-hook-master\imgui directx 11 kiero hook\debug\buffer.obj
c:\users\amri\desktop\imgui-directx-11-kiero-hook-master\debug\imgui directx 11 kiero hook.dll
c:\users\amri\desktop\imgui-directx-11-kiero-hook-master\debug\imgui directx 11 kiero hook.pdb
c:\users\amri\desktop\imgui-directx-11-kiero-hook-master\imgui directx 11 kiero hook\debug\minhook.res
c:\users\amri\desktop\imgui-directx-11-kiero-hook-master\imgui directx 11 kiero hook\debug\imgui directx 11 kiero hook.ilk
c:\users\amri\desktop\imgui-directx-11-kiero-hook-master\imgui directx 11 kiero hook\debug\imgui di.04b17470.tlog\cl.command.1.tlog
c:\users\amri\desktop\imgui-directx-11-kiero-hook-master\imgui directx 11 kiero hook\debug\imgui di.04b17470.tlog\cl.items.tlog
c:\users\amri\desktop\imgui-directx-11-kiero-hook-master\imgui directx 11 kiero hook\debug\imgui di.04b17470.tlog\cl.read.1.tlog
c:\users\amri\desktop\imgui-directx-11-kiero-hook-master\imgui directx 11 kiero hook\debug\imgui di.04b17470.tlog\cl.write.1.tlog
c:\users\amri\desktop\imgui-directx-11-kiero-hook-master\imgui directx 11 kiero hook\debug\imgui di.04b17470.tlog\link.command.1.tlog
c:\users\amri\desktop\imgui-directx-11-kiero-hook-master\imgui directx 11 kiero hook\debug\imgui di.04b17470.tlog\link.read.1.tlog
c:\users\amri\desktop\imgui-directx-11-kiero-hook-master\imgui directx 11 kiero hook\debug\imgui di.04b17470.tlog\link.secondary.1.tlog
c:\users\amri\desktop\imgui-directx-11-kiero-hook-master\imgui directx 11 kiero hook\debug\imgui di.04b17470.tlog\link.write.1.tlog
c:\users\amri\desktop\imgui-directx-11-kiero-hook-master\imgui directx 11 kiero hook\debug\imgui di.04b17470.tlog\rc.command.1.tlog
c:\users\amri\desktop\imgui-directx-11-kiero-hook-master\imgui directx 11 kiero hook\debug\imgui di.04b17470.tlog\rc.read.1.tlog
c:\users\amri\desktop\imgui-directx-11-kiero-hook-master\imgui directx 11 kiero hook\debug\imgui di.04b17470.tlog\rc.write.1.tlog
